<?xml version="1.0" encoding="UTF-8"?>
<!-- Generated by org.testng.reporters.JUnitReportReporter -->
<testsuite hostname="iMac-Mykhailo.local" name="ukr.net.test.UkrNetTests" tests="1" failures="0" timestamp="24 Jan 2015 20:29:20 GMT" time="12.433" errors="0">
  <testcase name="launchTest" time="12.433" classname="ukr.net.test.UkrNetTests"/>
</testsuite> <!-- ukr.net.test.UkrNetTests -->
