<?xml version="1.0" encoding="UTF-8"?>
<!-- Generated by org.testng.reporters.JUnitReportReporter -->
<testsuite hostname="iMac-Mykhailo.local" name="comparison.finance.i.ua.ComparisonTest" tests="1" failures="0" timestamp="24 Jan 2015 13:26:19 GMT" time="27.045" errors="0">
  <testcase name="currencyPrintout" time="27.045" classname="comparison.finance.i.ua.ComparisonTest"/>
</testsuite> <!-- comparison.finance.i.ua.ComparisonTest -->
