<?xml version="1.0" encoding="UTF-8"?>
<!-- Generated by org.testng.reporters.JUnitReportReporter -->
<testsuite hostname="iMac-Mykhailo.local" name="comparison.finance.i.ua.ComparisonTest" tests="1" failures="0" timestamp="23 Jan 2015 22:01:20 GMT" time="17.364" errors="0">
  <testcase name="currencyPrintout" time="17.364" classname="comparison.finance.i.ua.ComparisonTest"/>
</testsuite> <!-- comparison.finance.i.ua.ComparisonTest -->
