<?xml version="1.0" encoding="UTF-8"?>
<!-- Generated by org.testng.reporters.JUnitReportReporter -->
<testsuite hostname="iMac-Mykhailo.local" name="comparison.finance.i.ua.ComparisonTest" tests="1" failures="0" timestamp="2 Jan 2015 16:54:38 GMT" time="15.801" errors="0">
  <testcase name="currencyPrintout" time="15.801" classname="comparison.finance.i.ua.ComparisonTest"/>
</testsuite> <!-- comparison.finance.i.ua.ComparisonTest -->
